{
  "RSpec": {
    "coverage": {
      "/Users/harishporwal/dev/projects/myfinance/app/controllers/application_controller.rb": [
        1,
        1,
        1,
        null
      ],
      "/Users/harishporwal/dev/projects/myfinance/app/helpers/application_helper.rb": [
        1,
        1,
        84,
        84,
        31,
        null,
        53,
        null,
        null,
        null,
        null
      ],
      "/Users/harishporwal/dev/projects/myfinance/app/helpers/sessions_helper.rb": [
        1,
        1,
        15,
        15,
        null,
        null,
        1,
        16,
        null,
        null,
        1,
        8,
        null,
        null,
        1,
        170,
        null,
        null,
        1,
        126,
        null,
        null,
        1,
        1,
        1,
        null,
        null,
        1,
        14,
        14,
        null,
        null,
        1,
        3,
        null,
        null,
        1,
        11,
        3,
        3,
        null,
        null,
        null
      ],
      "/Users/harishporwal/dev/projects/myfinance/app/helpers/static_pages_helper.rb": [
        1,
        null
      ],
      "/Users/harishporwal/dev/projects/myfinance/app/helpers/users_helper.rb": [
        1,
        null,
        null,
        1,
        6,
        6,
        6,
        null,
        null
      ],
      "/Users/harishporwal/dev/projects/myfinance/app/controllers/sessions_controller.rb": [
        1,
        1,
        null,
        null,
        1,
        17,
        17,
        14,
        14,
        null,
        3,
        3,
        null,
        null,
        null,
        1,
        1,
        1,
        null,
        null
      ],
      "/Users/harishporwal/dev/projects/myfinance/app/controllers/static_pages_controller.rb": [
        1,
        1,
        null,
        null,
        1,
        null,
        null,
        1,
        null,
        null,
        1,
        null,
        null
      ],
      "/Users/harishporwal/dev/projects/myfinance/app/controllers/users_controller.rb": [
        1,
        1,
        1,
        null,
        1,
        4,
        null,
        null,
        1,
        2,
        null,
        null,
        1,
        5,
        null,
        null,
        1,
        2,
        2,
        1,
        1,
        1,
        null,
        1,
        null,
        null,
        null,
        1,
        1,
        8,
        8,
        null,
        null
      ],
      "/Users/harishporwal/dev/projects/myfinance/app/models/user.rb": [
        1,
        1,
        1,
        null,
        1,
        null,
        1,
        1,
        null,
        null,
        null,
        1,
        1,
        null,
        25,
        1,
        null,
        1,
        1,
        24,
        null,
        null
      ]
    },
    "timestamp": 1357620171
  }
}
