{
  "RSpec": {
    "coverage": {
      "/Users/harishporwal/dev/projects/myfinance/app/controllers/application_controller.rb": [
        1,
        1,
        1,
        null
      ],
      "/Users/harishporwal/dev/projects/myfinance/app/helpers/application_helper.rb": [
        1,
        1,
        68,
        68,
        20,
        null,
        48,
        null,
        null,
        null,
        null
      ],
      "/Users/harishporwal/dev/projects/myfinance/app/helpers/sessions_helper.rb": [
        1,
        1,
        20,
        20,
        null,
        null,
        1,
        20,
        null,
        null,
        1,
        0,
        null,
        null,
        1,
        222,
        null,
        null,
        1,
        122,
        null,
        null,
        1,
        0,
        0,
        null,
        null,
        1,
        20,
        20,
        null,
        null,
        1,
        0,
        null,
        null,
        1,
        34,
        0,
        0,
        null,
        null,
        null
      ],
      "/Users/harishporwal/dev/projects/myfinance/app/helpers/static_pages_helper.rb": [
        1,
        null
      ],
      "/Users/harishporwal/dev/projects/myfinance/app/helpers/stock_watchlist_helper.rb": [
        1,
        null
      ],
      "/Users/harishporwal/dev/projects/myfinance/app/helpers/users_helper.rb": [
        1,
        null,
        null,
        1,
        0,
        0,
        0,
        null,
        null
      ],
      "/Users/harishporwal/dev/projects/myfinance/app/controllers/sessions_controller.rb": [
        1,
        1,
        null,
        null,
        1,
        20,
        20,
        20,
        20,
        null,
        0,
        0,
        null,
        null,
        null,
        1,
        0,
        0,
        null,
        null
      ],
      "/Users/harishporwal/dev/projects/myfinance/app/controllers/static_pages_controller.rb": [
        1,
        1,
        null,
        null,
        1,
        null,
        null,
        1,
        null,
        null,
        1,
        null,
        null
      ],
      "/Users/harishporwal/dev/projects/myfinance/app/controllers/stock_watchlists_controller.rb": [
        1,
        1,
        null,
        1,
        4,
        null,
        null,
        1,
        2,
        2,
        1,
        1,
        null,
        1,
        null,
        null,
        null,
        1,
        7,
        null,
        null,
        1,
        5,
        5,
        4,
        4,
        null,
        1,
        null,
        null,
        null,
        1,
        0,
        null,
        null,
        1,
        1,
        1,
        1,
        null,
        null,
        1,
        15,
        null,
        null
      ],
      "/Users/harishporwal/dev/projects/myfinance/app/models/stock_watchlist.rb": [
        1,
        1,
        null,
        1,
        1,
        1,
        1,
        null,
        1,
        1,
        null,
        1,
        1,
        null,
        1,
        1,
        null,
        57,
        null
      ],
      "/Users/harishporwal/dev/projects/myfinance/app/controllers/users_controller.rb": [
        1,
        1,
        1,
        null,
        1,
        0,
        null,
        null,
        1,
        0,
        null,
        null,
        1,
        0,
        null,
        null,
        1,
        0,
        0,
        0,
        0,
        0,
        null,
        0,
        null,
        null,
        null,
        1,
        1,
        0,
        0,
        null,
        null
      ],
      "/Users/harishporwal/dev/projects/myfinance/app/models/user.rb": [
        1,
        1,
        1,
        null,
        1,
        null,
        1,
        1,
        null,
        null,
        null,
        1,
        1,
        null,
        19,
        1,
        null,
        null,
        1,
        1,
        18,
        null,
        null
      ],
      "/Users/harishporwal/dev/projects/myfinance/app/models/tag.rb": [
        1,
        1,
        null,
        1,
        1,
        null
      ],
      "/Users/harishporwal/dev/projects/myfinance/app/models/watch_parameter.rb": [
        1,
        1,
        null,
        null,
        1,
        1,
        1,
        1,
        1,
        1,
        null,
        1,
        1,
        null,
        1,
        1,
        0,
        null,
        1,
        null
      ]
    },
    "timestamp": 1358174177
  }
}
